[2018-10-11 11:44:05] local.ERROR: Key path "file:///home/akadir/repo/github/laravelrest/storage/oauth-private.key" does not exist or is not readable {"exception":"[object] (LogicException(code: 0): Key path \"file:///home/akadir/repo/github/laravelrest/storage/oauth-private.key\" does not exist or is not readable at /home/akadir/repo/github/laravelrest/vendor/league/oauth2-server/src/CryptKey.php:45)
[stacktrace]
#0 /home/akadir/repo/github/laravelrest/vendor/laravel/passport/src/PassportServiceProvider.php(234): League\\OAuth2\\Server\\CryptKey->__construct('file:///home/ak...', NULL, false)
#1 /home/akadir/repo/github/laravelrest/vendor/laravel/passport/src/PassportServiceProvider.php(203): Laravel\\Passport\\PassportServiceProvider->makeCryptKey('oauth-private.k...')
#2 /home/akadir/repo/github/laravelrest/vendor/laravel/passport/src/PassportServiceProvider.php(95): Laravel\\Passport\\PassportServiceProvider->makeAuthorizationServer()
#3 /home/akadir/repo/github/laravelrest/vendor/laravel/framework/src/Illuminate/Container/Container.php(749): Laravel\\Passport\\PassportServiceProvider->Laravel\\Passport\\{closure}(Object(Illuminate\\Foundation\\Application), Array)
#4 /home/akadir/repo/github/laravelrest/vendor/laravel/framework/src/Illuminate/Container/Container.php(631): Illuminate\\Container\\Container->build(Object(Closure))
#5 /home/akadir/repo/github/laravelrest/vendor/laravel/framework/src/Illuminate/Container/Container.php(586): Illuminate\\Container\\Container->resolve('League\\\\OAuth2\\\\S...', Array)
#6 /home/akadir/repo/github/laravelrest/vendor/laravel/framework/src/Illuminate/Foundation/Application.php(732): Illuminate\\Container\\Container->make('League\\\\OAuth2\\\\S...', Array)
#7 /home/akadir/repo/github/laravelrest/vendor/laravel/framework/src/Illuminate/Container/Container.php(885): Illuminate\\Foundation\\Application->make('League\\\\OAuth2\\\\S...')
#8 /home/akadir/repo/github/laravelrest/vendor/laravel/framework/src/Illuminate/Container/Container.php(813): Illuminate\\Container\\Container->resolveClass(Object(ReflectionParameter))
#9 /home/akadir/repo/github/laravelrest/vendor/laravel/framework/src/Illuminate/Container/Container.php(780): Illuminate\\Container\\Container->resolveDependencies(Array)
#10 /home/akadir/repo/github/laravelrest/vendor/laravel/framework/src/Illuminate/Container/Container.php(631): Illuminate\\Container\\Container->build('Laravel\\\\Passpor...')
#11 /home/akadir/repo/github/laravelrest/vendor/laravel/framework/src/Illuminate/Container/Container.php(586): Illuminate\\Container\\Container->resolve('Laravel\\\\Passpor...', Array)
#12 /home/akadir/repo/github/laravelrest/vendor/laravel/framework/src/Illuminate/Foundation/Application.php(732): Illuminate\\Container\\Container->make('Laravel\\\\Passpor...', Array)
#13 /home/akadir/repo/github/laravelrest/vendor/laravel/framework/src/Illuminate/Routing/Route.php(226): Illuminate\\Foundation\\Application->make('Laravel\\\\Passpor...')
#14 /home/akadir/repo/github/laravelrest/vendor/laravel/framework/src/Illuminate/Routing/Route.php(796): Illuminate\\Routing\\Route->getController()
#15 /home/akadir/repo/github/laravelrest/vendor/laravel/framework/src/Illuminate/Routing/Route.php(757): Illuminate\\Routing\\Route->controllerMiddleware()
#16 /home/akadir/repo/github/laravelrest/vendor/laravel/framework/src/Illuminate/Foundation/Console/RouteListCommand.php(151): Illuminate\\Routing\\Route->gatherMiddleware()
#17 /home/akadir/repo/github/laravelrest/vendor/laravel/framework/src/Illuminate/Foundation/Console/RouteListCommand.php(114): Illuminate\\Foundation\\Console\\RouteListCommand->getMiddleware(Object(Illuminate\\Routing\\Route))
#18 /home/akadir/repo/github/laravelrest/vendor/laravel/framework/src/Illuminate/Foundation/Console/RouteListCommand.php(86): Illuminate\\Foundation\\Console\\RouteListCommand->getRouteInformation(Object(Illuminate\\Routing\\Route))
#19 [internal function]: Illuminate\\Foundation\\Console\\RouteListCommand->Illuminate\\Foundation\\Console\\{closure}(Object(Illuminate\\Routing\\Route), 0)
#20 /home/akadir/repo/github/laravelrest/vendor/laravel/framework/src/Illuminate/Support/Collection.php(838): array_map(Object(Closure), Array, Array)
#21 /home/akadir/repo/github/laravelrest/vendor/laravel/framework/src/Illuminate/Foundation/Console/RouteListCommand.php(87): Illuminate\\Support\\Collection->map(Object(Closure))
#22 /home/akadir/repo/github/laravelrest/vendor/laravel/framework/src/Illuminate/Foundation/Console/RouteListCommand.php(75): Illuminate\\Foundation\\Console\\RouteListCommand->getRoutes()
#23 [internal function]: Illuminate\\Foundation\\Console\\RouteListCommand->handle()
#24 /home/akadir/repo/github/laravelrest/vendor/laravel/framework/src/Illuminate/Container/BoundMethod.php(29): call_user_func_array(Array, Array)
#25 /home/akadir/repo/github/laravelrest/vendor/laravel/framework/src/Illuminate/Container/BoundMethod.php(87): Illuminate\\Container\\BoundMethod::Illuminate\\Container\\{closure}()
#26 /home/akadir/repo/github/laravelrest/vendor/laravel/framework/src/Illuminate/Container/BoundMethod.php(31): Illuminate\\Container\\BoundMethod::callBoundMethod(Object(Illuminate\\Foundation\\Application), Array, Object(Closure))
#27 /home/akadir/repo/github/laravelrest/vendor/laravel/framework/src/Illuminate/Container/Container.php(549): Illuminate\\Container\\BoundMethod::call(Object(Illuminate\\Foundation\\Application), Array, Array, NULL)
#28 /home/akadir/repo/github/laravelrest/vendor/laravel/framework/src/Illuminate/Console/Command.php(180): Illuminate\\Container\\Container->call(Array)
#29 /home/akadir/repo/github/laravelrest/vendor/symfony/console/Command/Command.php(252): Illuminate\\Console\\Command->execute(Object(Symfony\\Component\\Console\\Input\\ArgvInput), Object(Illuminate\\Console\\OutputStyle))
#30 /home/akadir/repo/github/laravelrest/vendor/laravel/framework/src/Illuminate/Console/Command.php(167): Symfony\\Component\\Console\\Command\\Command->run(Object(Symfony\\Component\\Console\\Input\\ArgvInput), Object(Illuminate\\Console\\OutputStyle))
#31 /home/akadir/repo/github/laravelrest/vendor/symfony/console/Application.php(918): Illuminate\\Console\\Command->run(Object(Symfony\\Component\\Console\\Input\\ArgvInput), Object(Symfony\\Component\\Console\\Output\\ConsoleOutput))
#32 /home/akadir/repo/github/laravelrest/vendor/symfony/console/Application.php(222): Symfony\\Component\\Console\\Application->doRunCommand(Object(Illuminate\\Foundation\\Console\\RouteListCommand), Object(Symfony\\Component\\Console\\Input\\ArgvInput), Object(Symfony\\Component\\Console\\Output\\ConsoleOutput))
#33 /home/akadir/repo/github/laravelrest/vendor/symfony/console/Application.php(129): Symfony\\Component\\Console\\Application->doRun(Object(Symfony\\Component\\Console\\Input\\ArgvInput), Object(Symfony\\Component\\Console\\Output\\ConsoleOutput))
#34 /home/akadir/repo/github/laravelrest/vendor/laravel/framework/src/Illuminate/Console/Application.php(88): Symfony\\Component\\Console\\Application->run(Object(Symfony\\Component\\Console\\Input\\ArgvInput), Object(Symfony\\Component\\Console\\Output\\ConsoleOutput))
#35 /home/akadir/repo/github/laravelrest/vendor/laravel/framework/src/Illuminate/Foundation/Console/Kernel.php(121): Illuminate\\Console\\Application->run(Object(Symfony\\Component\\Console\\Input\\ArgvInput), Object(Symfony\\Component\\Console\\Output\\ConsoleOutput))
#36 /home/akadir/repo/github/laravelrest/artisan(37): Illuminate\\Foundation\\Console\\Kernel->handle(Object(Symfony\\Component\\Console\\Input\\ArgvInput), Object(Symfony\\Component\\Console\\Output\\ConsoleOutput))
#37 {main}
"} 
[2018-10-11 11:45:57] local.ERROR: Key path "file:///home/akadir/repo/github/laravelrest/storage/oauth-private.key" does not exist or is not readable {"exception":"[object] (LogicException(code: 0): Key path \"file:///home/akadir/repo/github/laravelrest/storage/oauth-private.key\" does not exist or is not readable at /home/akadir/repo/github/laravelrest/vendor/league/oauth2-server/src/CryptKey.php:45)
[stacktrace]
#0 /home/akadir/repo/github/laravelrest/vendor/laravel/passport/src/PassportServiceProvider.php(234): League\\OAuth2\\Server\\CryptKey->__construct('file:///home/ak...', NULL, false)
#1 /home/akadir/repo/github/laravelrest/vendor/laravel/passport/src/PassportServiceProvider.php(203): Laravel\\Passport\\PassportServiceProvider->makeCryptKey('oauth-private.k...')
#2 /home/akadir/repo/github/laravelrest/vendor/laravel/passport/src/PassportServiceProvider.php(95): Laravel\\Passport\\PassportServiceProvider->makeAuthorizationServer()
#3 /home/akadir/repo/github/laravelrest/vendor/laravel/framework/src/Illuminate/Container/Container.php(749): Laravel\\Passport\\PassportServiceProvider->Laravel\\Passport\\{closure}(Object(Illuminate\\Foundation\\Application), Array)
#4 /home/akadir/repo/github/laravelrest/vendor/laravel/framework/src/Illuminate/Container/Container.php(631): Illuminate\\Container\\Container->build(Object(Closure))
#5 /home/akadir/repo/github/laravelrest/vendor/laravel/framework/src/Illuminate/Container/Container.php(586): Illuminate\\Container\\Container->resolve('League\\\\OAuth2\\\\S...', Array)
#6 /home/akadir/repo/github/laravelrest/vendor/laravel/framework/src/Illuminate/Foundation/Application.php(732): Illuminate\\Container\\Container->make('League\\\\OAuth2\\\\S...', Array)
#7 /home/akadir/repo/github/laravelrest/vendor/laravel/framework/src/Illuminate/Container/Container.php(885): Illuminate\\Foundation\\Application->make('League\\\\OAuth2\\\\S...')
#8 /home/akadir/repo/github/laravelrest/vendor/laravel/framework/src/Illuminate/Container/Container.php(813): Illuminate\\Container\\Container->resolveClass(Object(ReflectionParameter))
#9 /home/akadir/repo/github/laravelrest/vendor/laravel/framework/src/Illuminate/Container/Container.php(780): Illuminate\\Container\\Container->resolveDependencies(Array)
#10 /home/akadir/repo/github/laravelrest/vendor/laravel/framework/src/Illuminate/Container/Container.php(631): Illuminate\\Container\\Container->build('Laravel\\\\Passpor...')
#11 /home/akadir/repo/github/laravelrest/vendor/laravel/framework/src/Illuminate/Container/Container.php(586): Illuminate\\Container\\Container->resolve('Laravel\\\\Passpor...', Array)
#12 /home/akadir/repo/github/laravelrest/vendor/laravel/framework/src/Illuminate/Foundation/Application.php(732): Illuminate\\Container\\Container->make('Laravel\\\\Passpor...', Array)
#13 /home/akadir/repo/github/laravelrest/vendor/laravel/framework/src/Illuminate/Routing/Route.php(226): Illuminate\\Foundation\\Application->make('Laravel\\\\Passpor...')
#14 /home/akadir/repo/github/laravelrest/vendor/laravel/framework/src/Illuminate/Routing/Route.php(796): Illuminate\\Routing\\Route->getController()
#15 /home/akadir/repo/github/laravelrest/vendor/laravel/framework/src/Illuminate/Routing/Route.php(757): Illuminate\\Routing\\Route->controllerMiddleware()
#16 /home/akadir/repo/github/laravelrest/vendor/laravel/framework/src/Illuminate/Foundation/Console/RouteListCommand.php(151): Illuminate\\Routing\\Route->gatherMiddleware()
#17 /home/akadir/repo/github/laravelrest/vendor/laravel/framework/src/Illuminate/Foundation/Console/RouteListCommand.php(114): Illuminate\\Foundation\\Console\\RouteListCommand->getMiddleware(Object(Illuminate\\Routing\\Route))
#18 /home/akadir/repo/github/laravelrest/vendor/laravel/framework/src/Illuminate/Foundation/Console/RouteListCommand.php(86): Illuminate\\Foundation\\Console\\RouteListCommand->getRouteInformation(Object(Illuminate\\Routing\\Route))
#19 [internal function]: Illuminate\\Foundation\\Console\\RouteListCommand->Illuminate\\Foundation\\Console\\{closure}(Object(Illuminate\\Routing\\Route), 0)
#20 /home/akadir/repo/github/laravelrest/vendor/laravel/framework/src/Illuminate/Support/Collection.php(838): array_map(Object(Closure), Array, Array)
#21 /home/akadir/repo/github/laravelrest/vendor/laravel/framework/src/Illuminate/Foundation/Console/RouteListCommand.php(87): Illuminate\\Support\\Collection->map(Object(Closure))
#22 /home/akadir/repo/github/laravelrest/vendor/laravel/framework/src/Illuminate/Foundation/Console/RouteListCommand.php(75): Illuminate\\Foundation\\Console\\RouteListCommand->getRoutes()
#23 [internal function]: Illuminate\\Foundation\\Console\\RouteListCommand->handle()
#24 /home/akadir/repo/github/laravelrest/vendor/laravel/framework/src/Illuminate/Container/BoundMethod.php(29): call_user_func_array(Array, Array)
#25 /home/akadir/repo/github/laravelrest/vendor/laravel/framework/src/Illuminate/Container/BoundMethod.php(87): Illuminate\\Container\\BoundMethod::Illuminate\\Container\\{closure}()
#26 /home/akadir/repo/github/laravelrest/vendor/laravel/framework/src/Illuminate/Container/BoundMethod.php(31): Illuminate\\Container\\BoundMethod::callBoundMethod(Object(Illuminate\\Foundation\\Application), Array, Object(Closure))
#27 /home/akadir/repo/github/laravelrest/vendor/laravel/framework/src/Illuminate/Container/Container.php(549): Illuminate\\Container\\BoundMethod::call(Object(Illuminate\\Foundation\\Application), Array, Array, NULL)
#28 /home/akadir/repo/github/laravelrest/vendor/laravel/framework/src/Illuminate/Console/Command.php(180): Illuminate\\Container\\Container->call(Array)
#29 /home/akadir/repo/github/laravelrest/vendor/symfony/console/Command/Command.php(252): Illuminate\\Console\\Command->execute(Object(Symfony\\Component\\Console\\Input\\ArgvInput), Object(Illuminate\\Console\\OutputStyle))
#30 /home/akadir/repo/github/laravelrest/vendor/laravel/framework/src/Illuminate/Console/Command.php(167): Symfony\\Component\\Console\\Command\\Command->run(Object(Symfony\\Component\\Console\\Input\\ArgvInput), Object(Illuminate\\Console\\OutputStyle))
#31 /home/akadir/repo/github/laravelrest/vendor/symfony/console/Application.php(918): Illuminate\\Console\\Command->run(Object(Symfony\\Component\\Console\\Input\\ArgvInput), Object(Symfony\\Component\\Console\\Output\\ConsoleOutput))
#32 /home/akadir/repo/github/laravelrest/vendor/symfony/console/Application.php(222): Symfony\\Component\\Console\\Application->doRunCommand(Object(Illuminate\\Foundation\\Console\\RouteListCommand), Object(Symfony\\Component\\Console\\Input\\ArgvInput), Object(Symfony\\Component\\Console\\Output\\ConsoleOutput))
#33 /home/akadir/repo/github/laravelrest/vendor/symfony/console/Application.php(129): Symfony\\Component\\Console\\Application->doRun(Object(Symfony\\Component\\Console\\Input\\ArgvInput), Object(Symfony\\Component\\Console\\Output\\ConsoleOutput))
#34 /home/akadir/repo/github/laravelrest/vendor/laravel/framework/src/Illuminate/Console/Application.php(88): Symfony\\Component\\Console\\Application->run(Object(Symfony\\Component\\Console\\Input\\ArgvInput), Object(Symfony\\Component\\Console\\Output\\ConsoleOutput))
#35 /home/akadir/repo/github/laravelrest/vendor/laravel/framework/src/Illuminate/Foundation/Console/Kernel.php(121): Illuminate\\Console\\Application->run(Object(Symfony\\Component\\Console\\Input\\ArgvInput), Object(Symfony\\Component\\Console\\Output\\ConsoleOutput))
#36 /home/akadir/repo/github/laravelrest/artisan(37): Illuminate\\Foundation\\Console\\Kernel->handle(Object(Symfony\\Component\\Console\\Input\\ArgvInput), Object(Symfony\\Component\\Console\\Output\\ConsoleOutput))
#37 {main}
"} 
